This is pdfTeX, Version 3.14159265-2.6-1.40.19 (TeX Live 2018) (preloaded format=latex 2019.3.22)  28 DEC 2019 17:35
entering extended mode
 restricted \write18 enabled.
 %&-line parsing enabled.
**_formulas.tex
(./_formulas.tex
LaTeX2e <2018-12-01>
(/home/parkinsonjl/soft/texlive/2018/texmf-dist/tex/latex/base/article.cls
Document Class: article 2018/09/03 v1.4i Standard LaTeX document class
(/home/parkinsonjl/soft/texlive/2018/texmf-dist/tex/latex/base/size10.clo
File: size10.clo 2018/09/03 v1.4i Standard LaTeX file (size option)
)
\c@part=\count80
\c@section=\count81
\c@subsection=\count82
\c@subsubsection=\count83
\c@paragraph=\count84
\c@subparagraph=\count85
\c@figure=\count86
\c@table=\count87
\abovecaptionskip=\skip41
\belowcaptionskip=\skip42
\bibindent=\dimen102
)
(/home/parkinsonjl/soft/texlive/2018/texmf-dist/tex/latex/graphics/epsfig.sty
Package: epsfig 2017/06/25 v1.7b (e)psfig emulation (SPQR)

(/home/parkinsonjl/soft/texlive/2018/texmf-dist/tex/latex/graphics/graphicx.sty
Package: graphicx 2017/06/01 v1.1a Enhanced LaTeX Graphics (DPC,SPQR)
(/home/parkinsonjl/soft/texlive/2018/texmf-dist/tex/latex/graphics/keyval.sty
Package: keyval 2014/10/28 v1.15 key=value parser (DPC)
\KV@toks@=\toks14
)
(/home/parkinsonjl/soft/texlive/2018/texmf-dist/tex/latex/graphics/graphics.sty
Package: graphics 2017/06/25 v1.2c Standard LaTeX Graphics (DPC,SPQR)
(/home/parkinsonjl/soft/texlive/2018/texmf-dist/tex/latex/graphics/trig.sty
Package: trig 2016/01/03 v1.10 sin cos tan (DPC)
)
(/home/parkinsonjl/soft/texlive/2018/texmf-dist/tex/latex/graphics-cfg/graphics
.cfg
File: graphics.cfg 2016/06/04 v1.11 sample graphics configuration
)
Package graphics Info: Driver file: dvips.def on input line 99.

(/home/parkinsonjl/soft/texlive/2018/texmf-dist/tex/latex/graphics-def/dvips.de
f
File: dvips.def 2017/06/20 v3.1d Graphics/color driver for dvips
))
\Gin@req@height=\dimen103
\Gin@req@width=\dimen104
)
\epsfxsize=\dimen105
\epsfysize=\dimen106
)
No file _formulas.aux.
\openout1 = `_formulas.aux'.

LaTeX Font Info:    Checking defaults for OML/cmm/m/it on input line 4.
LaTeX Font Info:    ... okay on input line 4.
LaTeX Font Info:    Checking defaults for T1/cmr/m/n on input line 4.
LaTeX Font Info:    ... okay on input line 4.
LaTeX Font Info:    Checking defaults for OT1/cmr/m/n on input line 4.
LaTeX Font Info:    ... okay on input line 4.
LaTeX Font Info:    Checking defaults for OMS/cmsy/m/n on input line 4.
LaTeX Font Info:    ... okay on input line 4.
LaTeX Font Info:    Checking defaults for OMX/cmex/m/n on input line 4.
LaTeX Font Info:    ... okay on input line 4.
LaTeX Font Info:    Checking defaults for U/cmr/m/n on input line 4.
LaTeX Font Info:    ... okay on input line 4.
LaTeX Font Info:    External font `cmex10' loaded for size
(Font)              <7> on input line 5.
LaTeX Font Info:    External font `cmex10' loaded for size
(Font)              <5> on input line 5.
[1

] [2] [3] [4] [5] [6] [7] [8] [9] [10] [11] [12] [13] [14] [15] [16] [17]
[18] [19] [20] [21] [22] [23] [24] [25] [26] [27] [28] [29] [30] [31] [32]
[33] [34] [35] [36] [37] [38] [39] [40] [41] [42] [43] [44] [45] [46] [47]
[48] [49] [50] [51] [52]
! Undefined control sequence.
l.161 ...abla \chi| ( 1 - \textrm{min}(w (\mathscr
                                                  {C} - \Theta), 0) ) > r $
? 
[53] [54]
Overfull \hbox (18.0194pt too wide) in paragraph at lines 167--169
[]$[] \OT1/cmr/m/n/10 + (\OML/cmm/m/it/10 u=porosity\OT1/cmr/m/n/10 ) \OMS/cmsy
/m/n/10 ^^A r\OT1/cmr/m/n/10 (\OML/cmm/m/it/10 u=porosity\OT1/cmr/m/n/10 ) = \O
ML/cmm/m/it/10 S=porosity\OT1/cmr/m/n/10 (\OMS/cmsy/m/n/10 ^^@\OT1/cmr/m/n/10 (
\OML/cmm/m/it/10 u=porosity[]\OT1/cmr/m/n/10 )\OML/cmm/m/it/10 dporosity=dt\OT1
/cmr/m/n/10 )$
 []

[55] [56] [57] [58] [59] [60] [61] [62] [63] [64] [65] [66] [67] [68] [69]
[70] [71] [72] [73] [74] [75] [76] [77] [78] [79] [80] [81] [82] [83] [84]
[85] [86] [87] [88] [89] [90] [91] [92] [93] [94] [95] [96] [97] [98] [99]
[100] [101] [102] [103] [104] [105] [106] [107] [108] [109] [110] [111]
[112] [113] [114] [115] [116] [117] [118] [119] [120] [121] [122] [123]
[124] [125] [126] [127] [128] [129] [130] [131] [132] [133] [134] [135]
[136] [137] [138] [139] [140] [141] [142] [143] [144] [145] [146] [147]
[148] [149] [150] [151] [152] [153] [154] [155] [156] [157] [158] [159]
[160] [161] [162] [163] [164] [165] [166] [167] [168] [169] [170] [171]
[172] [173] [174] [175] [176] [177] [178] [179] [180] [181] [182]
Overfull \hbox (354.24464pt too wide) in paragraph at lines 551--553
[]$[] \OT1/cmr/bx/n/10 U[] \OT1/cmr/m/n/10 = \OT1/cmr/bx/n/10 U[] \OT1/cmr/m/n/
10 + ^^A\OML/cmm/m/it/10 t[] []$
 []

[183] [184] [185] [186] [187] [188] [189] [190] [191] [192] [193] [194]
[195] [196] [197] [198] [199] [200] [201] [202] [203] [204] [205] [206]
[207] (./_formulas.aux) ) 
Here is how much of TeX's memory you used:
 590 strings out of 492617
 7687 string characters out of 6128993
 67035 words of memory out of 5000000
 4563 multiletter control sequences out of 15000+600000
 4567 words of font info for 17 fonts, out of 8000000 for 9000
 1141 hyphenation exceptions out of 8191
 32i,5n,21p,506b,100s stack positions out of 5000i,500n,10000p,200000b,80000s

Output written on _formulas.dvi (207 pages, 24016 bytes).
